<?xml version="1.0" encoding="UTF-8"?>
<!-- Generated by org.testng.reporters.JUnitReportReporter -->
<testsuite hostname="TYSS" name="scripts.TestScripts" tests="1" failures="0" timestamp="15 Jul 2020 01:44:14 GMT" time="21.851" errors="0">
  <testcase name="testSortListBox" time="21.851" classname="scripts.TestScripts"/>
</testsuite> <!-- scripts.TestScripts -->
